# JRE version: Java(TM) SE Runtime Environment (17.0.3.1+2) (build 17.0.3.1+2-LTS-6)
# Java VM: Java HotSpot(TM) 64-Bit Server VM (17.0.3.1+2-LTS-6, mixed mode, sharing, tiered, compressed oops, compressed class ptrs, g1 gc, windows-amd64)
GC Precious Log:
 CPUs: 12 total, 12 available
 Memory: 7561M
 Large Page Support: Disabled
 NUMA Support: Disabled
 Compressed Oops: Enabled (32-bit)
 Heap Region Size: 1M
 Heap Min Capacity: 8M
 Heap Initial Capacity: 120M
 Heap Max Capacity: 2G
 Pre-touch: Disabled
 Parallel Workers: 10
 Concurrent Workers: 3
 Concurrent Refinement Workers: 10
 Periodic GC: Disabled
Heap:
 garbage-first heap   total 315392K, used 255944K [0x0000000080000000, 0x0000000100000000)
  region size 1024K, 42 young (43008K), 3 survivors (3072K)
 Metaspace       used 99675K, committed 100928K, reserved 512000K
  class space    used 13803K, committed 14400K, reserved 421888K
GC Heap History (20 events):
Event: 28.261 GC heap before
{Heap before GC invocations=50 (full 0):
 garbage-first heap   total 218112K, used 187171K [0x0000000080000000, 0x0000000100000000)
  region size 1024K, 18 young (18432K), 3 survivors (3072K)
 Metaspace       used 92406K, committed 93376K, reserved 503808K
  class space    used 12874K, committed 13312K, reserved 421888K
}
Event: 28.265 GC heap after
{Heap after GC invocations=51 (full 0):
 garbage-first heap   total 262144K, used 172782K [0x0000000080000000, 0x0000000100000000)
  region size 1024K, 2 young (2048K), 2 survivors (2048K)
 Metaspace       used 92406K, committed 93376K, reserved 503808K
  class space    used 12874K, committed 13312K, reserved 421888K
}
Event: 28.908 GC heap before
{Heap before GC invocations=51 (full 0):
 garbage-first heap   total 262144K, used 220910K [0x0000000080000000, 0x0000000100000000)
  region size 1024K, 49 young (50176K), 2 survivors (2048K)
 Metaspace       used 95267K, committed 96384K, reserved 512000K
  class space    used 13247K, committed 13760K, reserved 421888K
}
Event: 28.915 GC heap after
{Heap after GC invocations=52 (full 0):
 garbage-first heap   total 262144K, used 178300K [0x0000000080000000, 0x0000000100000000)
  region size 1024K, 7 young (7168K), 7 survivors (7168K)
 Metaspace       used 95267K, committed 96384K, reserved 512000K
  class space    used 13247K, committed 13760K, reserved 421888K
}
Event: 29.497 GC heap before
{Heap before GC invocations=52 (full 0):
 garbage-first heap   total 262144K, used 221308K [0x0000000080000000, 0x0000000100000000)
  region size 1024K, 49 young (50176K), 7 survivors (7168K)
 Metaspace       used 97035K, committed 98176K, reserved 512000K
  class space    used 13437K, committed 13952K, reserved 421888K
}
Event: 29.509 GC heap after
{Heap after GC invocations=53 (full 0):
 garbage-first heap   total 262144K, used 188753K [0x0000000080000000, 0x0000000100000000)
  region size 1024K, 7 young (7168K), 7 survivors (7168K)
 Metaspace       used 97035K, committed 98176K, reserved 512000K
  class space    used 13437K, committed 13952K, reserved 421888K
}
Event: 34.692 GC heap before
{Heap before GC invocations=53 (full 0):
 garbage-first heap   total 262144K, used 220497K [0x0000000080000000, 0x0000000100000000)
  region size 1024K, 38 young (38912K), 7 survivors (7168K)
 Metaspace       used 97797K, committed 98944K, reserved 512000K
  class space    used 13552K, committed 14080K, reserved 421888K
}
Event: 34.701 GC heap after
{Heap after GC invocations=54 (full 0):
 garbage-first heap   total 262144K, used 194717K [0x0000000080000000, 0x0000000100000000)
  region size 1024K, 5 young (5120K), 5 survivors (5120K)
 Metaspace       used 97797K, committed 98944K, reserved 512000K
  class space    used 13552K, committed 14080K, reserved 421888K
}
Event: 34.990 GC heap before
{Heap before GC invocations=54 (full 0):
 garbage-first heap   total 262144K, used 221341K [0x0000000080000000, 0x0000000100000000)
  region size 1024K, 32 young (32768K), 5 survivors (5120K)
 Metaspace       used 97914K, committed 99008K, reserved 512000K
  class space    used 13553K, committed 14080K, reserved 421888K
}
Event: 34.995 GC heap after
{Heap after GC invocations=55 (full 0):
 garbage-first heap   total 262144K, used 198334K [0x0000000080000000, 0x0000000100000000)
  region size 1024K, 3 young (3072K), 3 survivors (3072K)
 Metaspace       used 97914K, committed 99008K, reserved 512000K
  class space    used 13553K, committed 14080K, reserved 421888K
}
Event: 38.505 GC heap before
{Heap before GC invocations=55 (full 0):
 garbage-first heap   total 262144K, used 224958K [0x0000000080000000, 0x0000000100000000)
  region size 1024K, 29 young (29696K), 3 survivors (3072K)
 Metaspace       used 98159K, committed 99328K, reserved 512000K
  class space    used 13600K, committed 14144K, reserved 421888K
}
Event: 38.510 GC heap after
{Heap after GC invocations=56 (full 0):
 garbage-first heap   total 262144K, used 201705K [0x0000000080000000, 0x0000000100000000)
  region size 1024K, 4 young (4096K), 4 survivors (4096K)
 Metaspace       used 98159K, committed 99328K, reserved 512000K
  class space    used 13600K, committed 14144K, reserved 421888K
}
Event: 38.771 GC heap before
{Heap before GC invocations=56 (full 0):
 garbage-first heap   total 262144K, used 224233K [0x0000000080000000, 0x0000000100000000)
  region size 1024K, 27 young (27648K), 4 survivors (4096K)
 Metaspace       used 98301K, committed 99520K, reserved 512000K
  class space    used 13615K, committed 14208K, reserved 421888K
}
Event: 38.777 GC heap after
{Heap after GC invocations=57 (full 0):
 garbage-first heap   total 262144K, used 206394K [0x0000000080000000, 0x0000000100000000)
  region size 1024K, 4 young (4096K), 4 survivors (4096K)
 Metaspace       used 98301K, committed 99520K, reserved 512000K
  class space    used 13615K, committed 14208K, reserved 421888K
}
Event: 38.958 GC heap before
{Heap before GC invocations=57 (full 0):
 garbage-first heap   total 262144K, used 224826K [0x0000000080000000, 0x0000000100000000)
  region size 1024K, 23 young (23552K), 4 survivors (4096K)
 Metaspace       used 98427K, committed 99648K, reserved 512000K
  class space    used 13631K, committed 14208K, reserved 421888K
}
Event: 38.963 GC heap after
{Heap after GC invocations=58 (full 0):
 garbage-first heap   total 262144K, used 210497K [0x0000000080000000, 0x0000000100000000)
  region size 1024K, 3 young (3072K), 3 survivors (3072K)
 Metaspace       used 98427K, committed 99648K, reserved 512000K
  class space    used 13631K, committed 14208K, reserved 421888K
}
Event: 39.117 GC heap before
{Heap before GC invocations=58 (full 0):
 garbage-first heap   total 262144K, used 226881K [0x0000000080000000, 0x0000000100000000)
  region size 1024K, 19 young (19456K), 3 survivors (3072K)
 Metaspace       used 98478K, committed 99712K, reserved 512000K
  class space    used 13633K, committed 14208K, reserved 421888K
}
Event: 39.121 GC heap after
{Heap after GC invocations=59 (full 0):
 garbage-first heap   total 262144K, used 214016K [0x0000000080000000, 0x0000000100000000)
  region size 1024K, 3 young (3072K), 3 survivors (3072K)
 Metaspace       used 98478K, committed 99712K, reserved 512000K
  class space    used 13633K, committed 14208K, reserved 421888K
}
Event: 39.268 GC heap before
{Heap before GC invocations=59 (full 0):
 garbage-first heap   total 262144K, used 228352K [0x0000000080000000, 0x0000000100000000)
  region size 1024K, 17 young (17408K), 3 survivors (3072K)
 Metaspace       used 98633K, committed 99904K, reserved 512000K
  class space    used 13655K, committed 14272K, reserved 421888K
}
Event: 39.273 GC heap after
{Heap after GC invocations=60 (full 0):
 garbage-first heap   total 315392K, used 217032K [0x0000000080000000, 0x0000000100000000)
  region size 1024K, 3 young (3072K), 3 survivors (3072K)
 Metaspace       used 98633K, committed 99904K, reserved 512000K
  class space    used 13655K, committed 14272K, reserved 421888K
}

