# JRE version: Java(TM) SE Runtime Environment (17.0.3.1+2) (build 17.0.3.1+2-LTS-6)
# Java VM: Java HotSpot(TM) 64-Bit Server VM (17.0.3.1+2-LTS-6, mixed mode, sharing, tiered, compressed oops, compressed class ptrs, g1 gc, windows-amd64)
GC Precious Log:
 CPUs: 12 total, 12 available
 Memory: 7561M
 Large Page Support: Disabled
 NUMA Support: Disabled
 Compressed Oops: Enabled (32-bit)
 Heap Region Size: 1M
 Heap Min Capacity: 8M
 Heap Initial Capacity: 120M
 Heap Max Capacity: 2G
 Pre-touch: Disabled
 Parallel Workers: 10
 Concurrent Workers: 3
 Concurrent Refinement Workers: 10
 Periodic GC: Disabled
Heap:
 garbage-first heap   total 86016K, used 50836K [0x0000000080000000, 0x0000000100000000)
  region size 1024K, 9 young (9216K), 4 survivors (4096K)
 Metaspace       used 46694K, committed 47360K, reserved 462848K
  class space    used 6538K, committed 6848K, reserved 421888K
GC Heap History (20 events):
Event: 1.340 GC heap before
{Heap before GC invocations=1 (full 0):
 garbage-first heap   total 122880K, used 39770K [0x0000000080000000, 0x0000000100000000)
  region size 1024K, 31 young (31744K), 3 survivors (3072K)
 Metaspace       used 3924K, committed 4096K, reserved 430080K
  class space    used 475K, committed 576K, reserved 421888K
}
Event: 1.349 GC heap after
{Heap after GC invocations=2 (full 0):
 garbage-first heap   total 122880K, used 14358K [0x0000000080000000, 0x0000000100000000)
  region size 1024K, 4 young (4096K), 4 survivors (4096K)
 Metaspace       used 3924K, committed 4096K, reserved 430080K
  class space    used 475K, committed 576K, reserved 421888K
}
Event: 3.488 GC heap before
{Heap before GC invocations=2 (full 0):
 garbage-first heap   total 122880K, used 83990K [0x0000000080000000, 0x0000000100000000)
  region size 1024K, 72 young (73728K), 4 survivors (4096K)
 Metaspace       used 16530K, committed 16896K, reserved 438272K
  class space    used 2408K, committed 2560K, reserved 421888K
}
Event: 3.496 GC heap after
{Heap after GC invocations=3 (full 0):
 garbage-first heap   total 122880K, used 20600K [0x0000000080000000, 0x0000000100000000)
  region size 1024K, 9 young (9216K), 9 survivors (9216K)
 Metaspace       used 16530K, committed 16896K, reserved 438272K
  class space    used 2408K, committed 2560K, reserved 421888K
}
Event: 4.104 GC heap before
{Heap before GC invocations=3 (full 0):
 garbage-first heap   total 122880K, used 53368K [0x0000000080000000, 0x0000000100000000)
  region size 1024K, 42 young (43008K), 9 survivors (9216K)
 Metaspace       used 21251K, committed 21504K, reserved 446464K
  class space    used 3146K, committed 3264K, reserved 421888K
}
Event: 4.109 GC heap after
{Heap after GC invocations=4 (full 0):
 garbage-first heap   total 122880K, used 22838K [0x0000000080000000, 0x0000000100000000)
  region size 1024K, 3 young (3072K), 3 survivors (3072K)
 Metaspace       used 21251K, committed 21504K, reserved 446464K
  class space    used 3146K, committed 3264K, reserved 421888K
}
Event: 4.898 GC heap before
{Heap before GC invocations=5 (full 0):
 garbage-first heap   total 86016K, used 70966K [0x0000000080000000, 0x0000000100000000)
  region size 1024K, 50 young (51200K), 3 survivors (3072K)
 Metaspace       used 28688K, committed 28992K, reserved 454656K
  class space    used 4033K, committed 4160K, reserved 421888K
}
Event: 4.904 GC heap after
{Heap after GC invocations=6 (full 0):
 garbage-first heap   total 86016K, used 28330K [0x0000000080000000, 0x0000000100000000)
  region size 1024K, 7 young (7168K), 7 survivors (7168K)
 Metaspace       used 28688K, committed 28992K, reserved 454656K
  class space    used 4033K, committed 4160K, reserved 421888K
}
Event: 5.401 GC heap before
{Heap before GC invocations=6 (full 0):
 garbage-first heap   total 86016K, used 63146K [0x0000000080000000, 0x0000000100000000)
  region size 1024K, 39 young (39936K), 7 survivors (7168K)
 Metaspace       used 31783K, committed 32128K, reserved 454656K
  class space    used 4381K, committed 4544K, reserved 421888K
}
Event: 5.406 GC heap after
{Heap after GC invocations=7 (full 0):
 garbage-first heap   total 86016K, used 30886K [0x0000000080000000, 0x0000000100000000)
  region size 1024K, 4 young (4096K), 4 survivors (4096K)
 Metaspace       used 31783K, committed 32128K, reserved 454656K
  class space    used 4381K, committed 4544K, reserved 421888K
}
Event: 9.362 GC heap before
{Heap before GC invocations=7 (full 0):
 garbage-first heap   total 86016K, used 61606K [0x0000000080000000, 0x0000000100000000)
  region size 1024K, 34 young (34816K), 4 survivors (4096K)
 Metaspace       used 33559K, committed 34048K, reserved 454656K
  class space    used 4655K, committed 4864K, reserved 421888K
}
Event: 9.367 GC heap after
{Heap after GC invocations=8 (full 0):
 garbage-first heap   total 86016K, used 32463K [0x0000000080000000, 0x0000000100000000)
  region size 1024K, 2 young (2048K), 2 survivors (2048K)
 Metaspace       used 33559K, committed 34048K, reserved 454656K
  class space    used 4655K, committed 4864K, reserved 421888K
}
Event: 9.749 GC heap before
{Heap before GC invocations=8 (full 0):
 garbage-first heap   total 86016K, used 47823K [0x0000000080000000, 0x0000000100000000)
  region size 1024K, 18 young (18432K), 2 survivors (2048K)
 Metaspace       used 35654K, committed 36096K, reserved 454656K
  class space    used 4884K, committed 5056K, reserved 421888K
}
Event: 9.752 GC heap after
{Heap after GC invocations=9 (full 0):
 garbage-first heap   total 86016K, used 33435K [0x0000000080000000, 0x0000000100000000)
  region size 1024K, 3 young (3072K), 3 survivors (3072K)
 Metaspace       used 35654K, committed 36096K, reserved 454656K
  class space    used 4884K, committed 5056K, reserved 421888K
}
Event: 10.637 GC heap before
{Heap before GC invocations=10 (full 0):
 garbage-first heap   total 86016K, used 65179K [0x0000000080000000, 0x0000000100000000)
  region size 1024K, 34 young (34816K), 3 survivors (3072K)
 Metaspace       used 39419K, committed 39872K, reserved 462848K
  class space    used 5504K, committed 5696K, reserved 421888K
}
Event: 10.640 GC heap after
{Heap after GC invocations=11 (full 0):
 garbage-first heap   total 86016K, used 35300K [0x0000000080000000, 0x0000000100000000)
  region size 1024K, 3 young (3072K), 3 survivors (3072K)
 Metaspace       used 39419K, committed 39872K, reserved 462848K
  class space    used 5504K, committed 5696K, reserved 421888K
}
Event: 11.330 GC heap before
{Heap before GC invocations=11 (full 0):
 garbage-first heap   total 86016K, used 66020K [0x0000000080000000, 0x0000000100000000)
  region size 1024K, 32 young (32768K), 3 survivors (3072K)
 Metaspace       used 42218K, committed 42752K, reserved 462848K
  class space    used 5909K, committed 6144K, reserved 421888K
}
Event: 11.334 GC heap after
{Heap after GC invocations=12 (full 0):
 garbage-first heap   total 86016K, used 39559K [0x0000000080000000, 0x0000000100000000)
  region size 1024K, 5 young (5120K), 5 survivors (5120K)
 Metaspace       used 42218K, committed 42752K, reserved 462848K
  class space    used 5909K, committed 6144K, reserved 421888K
}
Event: 12.012 GC heap before
{Heap before GC invocations=12 (full 0):
 garbage-first heap   total 86016K, used 70279K [0x0000000080000000, 0x0000000100000000)
  region size 1024K, 32 young (32768K), 5 survivors (5120K)
 Metaspace       used 46144K, committed 46784K, reserved 462848K
  class space    used 6446K, committed 6784K, reserved 421888K
}
Event: 12.016 GC heap after
{Heap after GC invocations=13 (full 0):
 garbage-first heap   total 86016K, used 46740K [0x0000000080000000, 0x0000000100000000)
  region size 1024K, 4 young (4096K), 4 survivors (4096K)
 Metaspace       used 46144K, committed 46784K, reserved 462848K
  class space    used 6446K, committed 6784K, reserved 421888K
}

