# JRE version: Java(TM) SE Runtime Environment (17.0.3.1+2) (build 17.0.3.1+2-LTS-6)
# Java VM: Java HotSpot(TM) 64-Bit Server VM (17.0.3.1+2-LTS-6, mixed mode, sharing, tiered, compressed oops, compressed class ptrs, g1 gc, windows-amd64)
GC Precious Log:
 CPUs: 12 total, 12 available
 Memory: 7561M
 Large Page Support: Disabled
 NUMA Support: Disabled
 Compressed Oops: Enabled (32-bit)
 Heap Region Size: 1M
 Heap Min Capacity: 8M
 Heap Initial Capacity: 120M
 Heap Max Capacity: 2G
 Pre-touch: Disabled
 Parallel Workers: 10
 Concurrent Workers: 3
 Concurrent Refinement Workers: 10
 Periodic GC: Disabled
Heap:
 garbage-first heap   total 179200K, used 72571K [0x0000000080000000, 0x0000000100000000)
  region size 1024K, 12 young (12288K), 3 survivors (3072K)
 Metaspace       used 68299K, committed 68928K, reserved 487424K
  class space    used 9448K, committed 9728K, reserved 421888K
GC Heap History (20 events):
Event: 17.411 GC heap before
{Heap before GC invocations=16 (full 0):
 garbage-first heap   total 81920K, used 67197K [0x0000000080000000, 0x0000000100000000)
  region size 1024K, 17 young (17408K), 1 survivors (1024K)
 Metaspace       used 53663K, committed 54272K, reserved 471040K
  class space    used 7407K, committed 7680K, reserved 421888K
}
Event: 17.414 GC heap after
{Heap after GC invocations=17 (full 0):
 garbage-first heap   total 81920K, used 51293K [0x0000000080000000, 0x0000000100000000)
  region size 1024K, 1 young (1024K), 1 survivors (1024K)
 Metaspace       used 53663K, committed 54272K, reserved 471040K
  class space    used 7407K, committed 7680K, reserved 421888K
}
Event: 17.799 GC heap before
{Heap before GC invocations=18 (full 0):
 garbage-first heap   total 91136K, used 66653K [0x0000000080000000, 0x0000000100000000)
  region size 1024K, 17 young (17408K), 1 survivors (1024K)
 Metaspace       used 55328K, committed 55936K, reserved 471040K
  class space    used 7644K, committed 7936K, reserved 421888K
}
Event: 17.802 GC heap after
{Heap after GC invocations=19 (full 0):
 garbage-first heap   total 91136K, used 52220K [0x0000000080000000, 0x0000000100000000)
  region size 1024K, 2 young (2048K), 2 survivors (2048K)
 Metaspace       used 55328K, committed 55936K, reserved 471040K
  class space    used 7644K, committed 7936K, reserved 421888K
}
Event: 18.346 GC heap before
{Heap before GC invocations=19 (full 0):
 garbage-first heap   total 91136K, used 74748K [0x0000000080000000, 0x0000000100000000)
  region size 1024K, 24 young (24576K), 2 survivors (2048K)
 Metaspace       used 57996K, committed 58560K, reserved 479232K
  class space    used 8028K, committed 8320K, reserved 421888K
}
Event: 18.350 GC heap after
{Heap after GC invocations=20 (full 0):
 garbage-first heap   total 91136K, used 53268K [0x0000000080000000, 0x0000000100000000)
  region size 1024K, 2 young (2048K), 2 survivors (2048K)
 Metaspace       used 57996K, committed 58560K, reserved 479232K
  class space    used 8028K, committed 8320K, reserved 421888K
}
Event: 18.916 GC heap before
{Heap before GC invocations=21 (full 0):
 garbage-first heap   total 92160K, used 73748K [0x0000000080000000, 0x0000000100000000)
  region size 1024K, 23 young (23552K), 2 survivors (2048K)
 Metaspace       used 60407K, committed 60992K, reserved 479232K
  class space    used 8315K, committed 8576K, reserved 421888K
}
Event: 18.920 GC heap after
{Heap after GC invocations=22 (full 0):
 garbage-first heap   total 92160K, used 55292K [0x0000000080000000, 0x0000000100000000)
  region size 1024K, 3 young (3072K), 3 survivors (3072K)
 Metaspace       used 60407K, committed 60992K, reserved 479232K
  class space    used 8315K, committed 8576K, reserved 421888K
}
Event: 18.950 GC heap before
{Heap before GC invocations=22 (full 0):
 garbage-first heap   total 92160K, used 56316K [0x0000000080000000, 0x0000000100000000)
  region size 1024K, 4 young (4096K), 3 survivors (3072K)
 Metaspace       used 60426K, committed 60992K, reserved 479232K
  class space    used 8315K, committed 8576K, reserved 421888K
}
Event: 18.954 GC heap after
{Heap after GC invocations=23 (full 0):
 garbage-first heap   total 92160K, used 55072K [0x0000000080000000, 0x0000000100000000)
  region size 1024K, 1 young (1024K), 1 survivors (1024K)
 Metaspace       used 60426K, committed 60992K, reserved 479232K
  class space    used 8315K, committed 8576K, reserved 421888K
}
Event: 19.510 GC heap before
{Heap before GC invocations=23 (full 0):
 garbage-first heap   total 92160K, used 75552K [0x0000000080000000, 0x0000000100000000)
  region size 1024K, 21 young (21504K), 1 survivors (1024K)
 Metaspace       used 62407K, committed 63040K, reserved 479232K
  class space    used 8596K, committed 8896K, reserved 421888K
}
Event: 19.513 GC heap after
{Heap after GC invocations=24 (full 0):
 garbage-first heap   total 92160K, used 55641K [0x0000000080000000, 0x0000000100000000)
  region size 1024K, 1 young (1024K), 1 survivors (1024K)
 Metaspace       used 62407K, committed 63040K, reserved 479232K
  class space    used 8596K, committed 8896K, reserved 421888K
}
Event: 19.883 GC heap before
{Heap before GC invocations=25 (full 0):
 garbage-first heap   total 96256K, used 76121K [0x0000000080000000, 0x0000000100000000)
  region size 1024K, 21 young (21504K), 1 survivors (1024K)
 Metaspace       used 63403K, committed 64000K, reserved 479232K
  class space    used 8771K, committed 9024K, reserved 421888K
}
Event: 19.886 GC heap after
{Heap after GC invocations=26 (full 0):
 garbage-first heap   total 96256K, used 57451K [0x0000000080000000, 0x0000000100000000)
  region size 1024K, 3 young (3072K), 3 survivors (3072K)
 Metaspace       used 63403K, committed 64000K, reserved 479232K
  class space    used 8771K, committed 9024K, reserved 421888K
}
Event: 20.764 GC heap before
{Heap before GC invocations=26 (full 0):
 garbage-first heap   total 96256K, used 78955K [0x0000000080000000, 0x0000000100000000)
  region size 1024K, 24 young (24576K), 3 survivors (3072K)
 Metaspace       used 64740K, committed 65344K, reserved 479232K
  class space    used 8936K, committed 9216K, reserved 421888K
}
Event: 20.769 GC heap after
{Heap after GC invocations=27 (full 0):
 garbage-first heap   total 96256K, used 59747K [0x0000000080000000, 0x0000000100000000)
  region size 1024K, 3 young (3072K), 3 survivors (3072K)
 Metaspace       used 64740K, committed 65344K, reserved 479232K
  class space    used 8936K, committed 9216K, reserved 421888K
}
Event: 21.388 GC heap before
{Heap before GC invocations=28 (full 0):
 garbage-first heap   total 104448K, used 78179K [0x0000000080000000, 0x0000000100000000)
  region size 1024K, 22 young (22528K), 3 survivors (3072K)
 Metaspace       used 66228K, committed 66880K, reserved 487424K
  class space    used 9188K, committed 9472K, reserved 421888K
}
Event: 21.394 GC heap after
{Heap after GC invocations=29 (full 0):
 garbage-first heap   total 104448K, used 62065K [0x0000000080000000, 0x0000000100000000)
  region size 1024K, 3 young (3072K), 3 survivors (3072K)
 Metaspace       used 66228K, committed 66880K, reserved 487424K
  class space    used 9188K, committed 9472K, reserved 421888K
}
Event: 21.935 GC heap before
{Heap before GC invocations=29 (full 0):
 garbage-first heap   total 104448K, used 84593K [0x0000000080000000, 0x0000000100000000)
  region size 1024K, 25 young (25600K), 3 survivors (3072K)
 Metaspace       used 68278K, committed 68864K, reserved 487424K
  class space    used 9448K, committed 9728K, reserved 421888K
}
Event: 21.941 GC heap after
{Heap after GC invocations=30 (full 0):
 garbage-first heap   total 179200K, used 64379K [0x0000000080000000, 0x0000000100000000)
  region size 1024K, 3 young (3072K), 3 survivors (3072K)
 Metaspace       used 68278K, committed 68864K, reserved 487424K
  class space    used 9448K, committed 9728K, reserved 421888K
}

